<?xml version="1.0" encoding="UTF-8"?>
<!-- Generated by org.testng.reporters.JUnitReportReporter -->
<testsuite hostname="LAPTOP-NPL8D5PD" failures="0" tests="3" name="testing.JunitTests" time="0.133" errors="0" timestamp="2025-01-15T17:33:46 GMT" skipped="0">
  <testcase classname="testing.JunitTests" name="assertTrue" time="0.003"/>
  <testcase classname="testing.JunitTests" name="assertAmountofRows" time="0.117"/>
  <testcase classname="testing.JunitTests" name="chechIfException" time="0.013"/>
</testsuite> <!-- testing.JunitTests -->
